<?xml version="1.0" encoding="UTF-8"?>
<!-- Generated by org.testng.reporters.JUnitReportReporter -->
<testsuite hostname="sivaji" failures="0" tests="3" name="rahulshettyacademy.Tests.SubmitOrderTest" time="45.925" errors="0" timestamp="2024-10-17T09:40:52 CDT" skipped="0">
  <testcase classname="rahulshettyacademy.Tests.SubmitOrderTest" name="submitOrderTest" time="16.412"/>
  <testcase classname="rahulshettyacademy.Tests.SubmitOrderTest" name="orderHistoryTest" time="7.127"/>
  <testcase classname="rahulshettyacademy.Tests.SubmitOrderTest" name="submitOrderTest" time="22.386"/>
</testsuite> <!-- rahulshettyacademy.Tests.SubmitOrderTest -->
